Using pre-set license
Built from '2020.3/staging' branch; Version is '2020.3.14f1 (d0d1bb862f9d) revision 13685179'; Using compiler version '192528614'; Build Type 'Release'
OS: 'Windows 10 Pro N; OS build 19043.1526; Version 2009; 64bit' Language: 'en' Physical Memory: 32693 MB
BatchMode: 1, IsHumanControllingUs: 0, StartBugReporterOnCrash: 0, Is64bit: 1, IsPro: 0

 COMMAND LINE ARGUMENTS:
C:\Program Files\Unity\Hub\Editor\2020.3.14f1\Editor\Unity.exe
-adb2
-batchMode
-noUpm
-name
AssetImportWorker0
-projectPath
X:/repo/b-hayes/The-Black-Samurai
-logFile
Logs/AssetImportWorker0.log
-srvPort
51182
Successfully changed project path to: X:/repo/b-hayes/The-Black-Samurai
X:/repo/b-hayes/The-Black-Samurai
Using Asset Import Pipeline V2.
Refreshing native plugins compatible for Editor in 39.25 ms, found 2 plugins.
Preloading 0 native plugins for Editor in 0.00 ms.
Initialize engine version: 2020.3.14f1 (d0d1bb862f9d)
[Subsystems] Discovering subsystems at path C:/Program Files/Unity/Hub/Editor/2020.3.14f1/Editor/Data/Resources/UnitySubsystems
[Subsystems] Discovering subsystems at path X:/repo/b-hayes/The-Black-Samurai/Assets
GfxDevice: creating device client; threaded=0
Direct3D:
    Version:  Direct3D 11.0 [level 11.1]
    Renderer: NVIDIA GeForce GTX 1660 Ti (ID=0x2182)
    Vendor:   
    VRAM:     5991 MB
    Driver:   30.0.15.1165
Initialize mono
Mono path[0] = 'C:/Program Files/Unity/Hub/Editor/2020.3.14f1/Editor/Data/Managed'
Mono path[1] = 'C:/Program Files/Unity/Hub/Editor/2020.3.14f1/Editor/Data/MonoBleedingEdge/lib/mono/unityjit'
Mono config path = 'C:/Program Files/Unity/Hub/Editor/2020.3.14f1/Editor/Data/MonoBleedingEdge/etc'
Using monoOptions --debugger-agent=transport=dt_socket,embedding=1,server=y,suspend=n,address=127.0.0.1:56968
Begin MonoManager ReloadAssembly
Registering precompiled unity dll's ...
Register platform support module: C:/Program Files/Unity/Hub/Editor/2020.3.14f1/Editor/Data/PlaybackEngines/WindowsStandaloneSupport/UnityEditor.WindowsStandalone.Extensions.dll
Registered in 0.001590 seconds.
Native extension for WindowsStandalone target not found
Refreshing native plugins compatible for Editor in 34.30 ms, found 2 plugins.
Preloading 0 native plugins for Editor in 0.00 ms.
Mono: successfully reloaded assembly
- Completed reload, in  0.848 seconds
Domain Reload Profiling:
	ReloadAssembly (849ms)
		BeginReloadAssembly (43ms)
			ExecutionOrderSort (0ms)
			DisableScriptedObjects (0ms)
			BackupInstance (0ms)
			ReleaseScriptingObjects (0ms)
			CreateAndSetChildDomain (1ms)
		EndReloadAssembly (343ms)
			LoadAssemblies (41ms)
			RebuildTransferFunctionScriptingTraits (0ms)
			SetupTypeCache (126ms)
			ReleaseScriptCaches (0ms)
			RebuildScriptCaches (27ms)
			SetupLoadedEditorAssemblies (137ms)
				LogAssemblyErrors (0ms)
				InitializePlatformSupportModulesInManaged (3ms)
				SetLoadedEditorAssemblies (0ms)
				RefreshPlugins (34ms)
				BeforeProcessingInitializeOnLoad (8ms)
				ProcessInitializeOnLoadAttributes (68ms)
				ProcessInitializeOnLoadMethodAttributes (23ms)
				AfterProcessingInitializeOnLoad (0ms)
				EditorAssembliesLoaded (0ms)
			ExecutionOrderSort2 (0ms)
			AwakeInstancesAfterBackupRestoration (0ms)
Platform modules already initialized, skipping
Registering precompiled user dll's ...
Registered in 0.003368 seconds.
Begin MonoManager ReloadAssembly
Native extension for WindowsStandalone target not found
Refreshing native plugins compatible for Editor in 0.55 ms, found 2 plugins.
Preloading 0 native plugins for Editor in 0.00 ms.
Mono: successfully reloaded assembly
- Completed reload, in  0.928 seconds
Domain Reload Profiling:
	ReloadAssembly (928ms)
		BeginReloadAssembly (119ms)
			ExecutionOrderSort (0ms)
			DisableScriptedObjects (4ms)
			BackupInstance (0ms)
			ReleaseScriptingObjects (0ms)
			CreateAndSetChildDomain (15ms)
		EndReloadAssembly (760ms)
			LoadAssemblies (75ms)
			RebuildTransferFunctionScriptingTraits (0ms)
			SetupTypeCache (233ms)
			ReleaseScriptCaches (0ms)
			RebuildScriptCaches (40ms)
			SetupLoadedEditorAssemblies (331ms)
				LogAssemblyErrors (0ms)
				InitializePlatformSupportModulesInManaged (4ms)
				SetLoadedEditorAssemblies (0ms)
				RefreshPlugins (1ms)
				BeforeProcessingInitializeOnLoad (89ms)
				ProcessInitializeOnLoadAttributes (201ms)
				ProcessInitializeOnLoadMethodAttributes (31ms)
				AfterProcessingInitializeOnLoad (5ms)
				EditorAssembliesLoaded (0ms)
			ExecutionOrderSort2 (0ms)
			AwakeInstancesAfterBackupRestoration (5ms)
Platform modules already initialized, skipping
========================================================================
Worker process is ready to serve import requests
Launched and connected shader compiler UnityShaderCompiler.exe after 0.03 seconds
Refreshing native plugins compatible for Editor in 0.59 ms, found 2 plugins.
Preloading 0 native plugins for Editor in 0.00 ms.
Unloading 1972 Unused Serialized files (Serialized files now loaded: 0)
System memory in use before: 81.0 MB.
System memory in use after: 81.1 MB.

Unloading 58 unused Assets to reduce memory usage. Loaded Objects now: 2375.
Total: 5.601900 ms (FindLiveObjects: 0.153300 ms CreateObjectMapping: 0.080100 ms MarkObjects: 5.258600 ms  DeleteObjects: 0.108400 ms)

AssetImportParameters requested are different than current active one (requested -> active):
  custom:framework-win-MediaFoundation: 216162199b28c13a410421893ffa2e32 -> 
  custom:video-decoder-ogg-theora: a1e56fd34408186e4bbccfd4996cb3dc -> 
  custom:container-muxer-webm: aa71ff27fc2769a1b78a27578f13a17b -> 
  custom:container-demuxer-webm: 4f35f7cbe854078d1ac9338744f61a02 -> 
  custom:container-demuxer-ogg: 62fdf1f143b41e24485cea50d1cbac27 -> 
  custom:video-encoder-webm-vp8: eb34c28f22e8b96e1ab97ce403110664 -> 
  custom:video-decoder-webm-vp8: 9c59270c3fd7afecdb556c50c9e8de78 -> 
  custom:audio-decoder-ogg-vorbis: bf7c407c2cedff20999df2af8eb42d56 -> 
  custom:audio-encoder-webm-vorbis: bf7c407c2cedff20999df2af8eb42d56 -> 
========================================================================
Received Import Request.
  path: Assets/_SampleAssets/CrossPlatformInput
  artifactKey: Guid(098063f027730c44e9cfc7ab63026a2f) Importer(815301076,1909f56bfc062723c751e8b465ee728b)
Start importing Assets/_SampleAssets/CrossPlatformInput using Guid(098063f027730c44e9cfc7ab63026a2f) Importer(815301076,1909f56bfc062723c751e8b465ee728b)  -> (artifact id: '670e9a3b72f7dd5b11f1b768f1dbf54a') in 0.005773 seconds 
  Import took 0.008086 seconds .

========================================================================
Received Import Request.
  Time since last request: 17.699238 seconds.
  path: Assets/Player/Player.png
  artifactKey: Guid(e3436fbe9c2343f47a6e8c0348d611c0) Importer(815301076,1909f56bfc062723c751e8b465ee728b)
Start importing Assets/Player/Player.png using Guid(e3436fbe9c2343f47a6e8c0348d611c0) Importer(815301076,1909f56bfc062723c751e8b465ee728b)  -> (artifact id: 'ea9c430b6f0f249d64578263e19e596a') in 0.144164 seconds 
  Import took 0.146976 seconds .

========================================================================
Received Import Request.
  Time since last request: 0.000195 seconds.
  path: Assets/Player/PlayerPhysics2D Material.physicsMaterial2D
  artifactKey: Guid(75d13030ace69524f9579ca5606fc64a) Importer(815301076,1909f56bfc062723c751e8b465ee728b)
Start importing Assets/Player/PlayerPhysics2D Material.physicsMaterial2D using Guid(75d13030ace69524f9579ca5606fc64a) Importer(815301076,1909f56bfc062723c751e8b465ee728b)  -> (artifact id: '06be83f14a62d80e6c4629a90138e454') in 0.003231 seconds 
  Import took 0.005405 seconds .

========================================================================
Received Import Request.
  Time since last request: 10.602128 seconds.
  path: Assets/Objects/enemy.png
  artifactKey: Guid(94765afb84d302e4ab6c0ebb0af9c290) Importer(815301076,1909f56bfc062723c751e8b465ee728b)
Start importing Assets/Objects/enemy.png using Guid(94765afb84d302e4ab6c0ebb0af9c290) Importer(815301076,1909f56bfc062723c751e8b465ee728b)  -> (artifact id: '770d4c9cec25a234a3159d42cdc86dc1') in 0.009928 seconds 
  Import took 0.012646 seconds .

========================================================================
Received Import Request.
  Time since last request: 0.000267 seconds.
  path: Assets/Objects/objects.png
  artifactKey: Guid(9272aaa3fe0d1a845b1e757a51565925) Importer(815301076,1909f56bfc062723c751e8b465ee728b)
Start importing Assets/Objects/objects.png using Guid(9272aaa3fe0d1a845b1e757a51565925) Importer(815301076,1909f56bfc062723c751e8b465ee728b)  -> (artifact id: '5e71842bbb7f12d981398eda9d054e8c') in 0.049517 seconds 
  Import took 0.052372 seconds .

========================================================================
Received Import Request.
  Time since last request: 0.000252 seconds.
  path: Assets/Objects/walls.png
  artifactKey: Guid(cde9dc27a238f204a832eaee753868ee) Importer(815301076,1909f56bfc062723c751e8b465ee728b)
Start importing Assets/Objects/walls.png using Guid(cde9dc27a238f204a832eaee753868ee) Importer(815301076,1909f56bfc062723c751e8b465ee728b)  -> (artifact id: '5641687a42d2e6c297fed7c84ac70c0a') in 0.023982 seconds 
  Import took 0.026579 seconds .

========================================================================
Received Import Request.
  Time since last request: 5.445127 seconds.
  path: Assets/Music/12. Rise Inside.mp3
  artifactKey: Guid(67b28657419364d4e935988d6402a7b8) Importer(815301076,1909f56bfc062723c751e8b465ee728b)
Start importing Assets/Music/12. Rise Inside.mp3 using Guid(67b28657419364d4e935988d6402a7b8) Importer(815301076,1909f56bfc062723c751e8b465ee728b)  -> (artifact id: '995784310c82337b38b92f5ed7849efb') in 0.047455 seconds 
  Import took 0.050388 seconds .

========================================================================
Received Import Request.
  Time since last request: 16.194032 seconds.
  path: Assets/Scripts/Parallaxing.cs
  artifactKey: Guid(1a9e5ffca7e626442a958b3c10b774e8) Importer(815301076,1909f56bfc062723c751e8b465ee728b)
Start importing Assets/Scripts/Parallaxing.cs using Guid(1a9e5ffca7e626442a958b3c10b774e8) Importer(815301076,1909f56bfc062723c751e8b465ee728b)  -> (artifact id: 'f74076275a4edb1b4e91b1e452d7f454') in 0.002616 seconds 
  Import took 0.005335 seconds .

========================================================================
Received Import Request.
  Time since last request: 0.001235 seconds.
  path: Assets/Scripts/Parallaxing.cs
  artifactKey: Guid(1a9e5ffca7e626442a958b3c10b774e8) Importer(815301076,1909f56bfc062723c751e8b465ee728b)
Start importing Assets/Scripts/Parallaxing.cs using Guid(1a9e5ffca7e626442a958b3c10b774e8) Importer(815301076,1909f56bfc062723c751e8b465ee728b)  -> (artifact id: 'f74076275a4edb1b4e91b1e452d7f454') in 0.002254 seconds 
  Import took 0.004784 seconds .

========================================================================
Received Import Request.
  Time since last request: 56.239818 seconds.
  path: Assets/Level1-old.unity
  artifactKey: Guid(fa13db13a1acffe4b952a7c8168cb092) Importer(815301076,1909f56bfc062723c751e8b465ee728b)
Start importing Assets/Level1-old.unity using Guid(fa13db13a1acffe4b952a7c8168cb092) Importer(815301076,1909f56bfc062723c751e8b465ee728b)  -> (artifact id: '7a075da59efa136efd8e2db5f2db0548') in 0.002021 seconds 
  Import took 0.005007 seconds .

========================================================================
Received Import Request.
  Time since last request: 0.000795 seconds.
  path: Assets/Level1-old.unity
  artifactKey: Guid(fa13db13a1acffe4b952a7c8168cb092) Importer(815301076,1909f56bfc062723c751e8b465ee728b)
Start importing Assets/Level1-old.unity using Guid(fa13db13a1acffe4b952a7c8168cb092) Importer(815301076,1909f56bfc062723c751e8b465ee728b)  -> (artifact id: '7a075da59efa136efd8e2db5f2db0548') in 0.001591 seconds 
  Import took 0.004357 seconds .

========================================================================
Received Import Request.
  Time since last request: 2.072585 seconds.
  path: Assets/Level1.unity
  artifactKey: Guid(5dab2d5af66e30243842493c48fd14c4) Importer(815301076,1909f56bfc062723c751e8b465ee728b)
Start importing Assets/Level1.unity using Guid(5dab2d5af66e30243842493c48fd14c4) Importer(815301076,1909f56bfc062723c751e8b465ee728b)  -> (artifact id: 'bf8d43cdad385b36b42ceec6b00b7f99') in 0.001750 seconds 
  Import took 0.004510 seconds .

========================================================================
Received Import Request.
  Time since last request: 0.833069 seconds.
  path: Assets/Opening-old.unity
  artifactKey: Guid(b9c1404cf816efe40bff5ba97ab8ead0) Importer(815301076,1909f56bfc062723c751e8b465ee728b)
Start importing Assets/Opening-old.unity using Guid(b9c1404cf816efe40bff5ba97ab8ead0) Importer(815301076,1909f56bfc062723c751e8b465ee728b)  -> (artifact id: 'cfcb57dbaee6292fdb9ea35c7c0b70a0') in 0.001942 seconds 
  Import took 0.004997 seconds .

========================================================================
Received Import Request.
  Time since last request: 0.001056 seconds.
  path: Assets/Opening-old.unity
  artifactKey: Guid(b9c1404cf816efe40bff5ba97ab8ead0) Importer(815301076,1909f56bfc062723c751e8b465ee728b)
Start importing Assets/Opening-old.unity using Guid(b9c1404cf816efe40bff5ba97ab8ead0) Importer(815301076,1909f56bfc062723c751e8b465ee728b)  -> (artifact id: 'cfcb57dbaee6292fdb9ea35c7c0b70a0') in 0.003583 seconds 
  Import took 0.006382 seconds .

========================================================================
Received Import Request.
  Time since last request: 1.488411 seconds.
  path: Assets/Opening.unity
  artifactKey: Guid(26acb49fdffb7a042af1fb086aa1fb14) Importer(815301076,1909f56bfc062723c751e8b465ee728b)
Start importing Assets/Opening.unity using Guid(26acb49fdffb7a042af1fb086aa1fb14) Importer(815301076,1909f56bfc062723c751e8b465ee728b)  -> (artifact id: 'b4aed9ca453d9019df8eadc9424421d1') in 0.001715 seconds 
  Import took 0.004673 seconds .

========================================================================
Received Prepare
Registering precompiled user dll's ...
Registered in 0.003738 seconds.
Begin MonoManager ReloadAssembly
Native extension for WindowsStandalone target not found
Refreshing native plugins compatible for Editor in 0.58 ms, found 2 plugins.
Preloading 0 native plugins for Editor in 0.00 ms.
Mono: successfully reloaded assembly
- Completed reload, in  0.880 seconds
Domain Reload Profiling:
	ReloadAssembly (880ms)
		BeginReloadAssembly (94ms)
			ExecutionOrderSort (0ms)
			DisableScriptedObjects (5ms)
			BackupInstance (0ms)
			ReleaseScriptingObjects (0ms)
			CreateAndSetChildDomain (31ms)
		EndReloadAssembly (734ms)
			LoadAssemblies (76ms)
			RebuildTransferFunctionScriptingTraits (0ms)
			SetupTypeCache (246ms)
			ReleaseScriptCaches (1ms)
			RebuildScriptCaches (34ms)
			SetupLoadedEditorAssemblies (293ms)
				LogAssemblyErrors (0ms)
				InitializePlatformSupportModulesInManaged (4ms)
				SetLoadedEditorAssemblies (0ms)
				RefreshPlugins (1ms)
				BeforeProcessingInitializeOnLoad (78ms)
				ProcessInitializeOnLoadAttributes (174ms)
				ProcessInitializeOnLoadMethodAttributes (28ms)
				AfterProcessingInitializeOnLoad (7ms)
				EditorAssembliesLoaded (0ms)
			ExecutionOrderSort2 (0ms)
			AwakeInstancesAfterBackupRestoration (6ms)
Platform modules already initialized, skipping
Refreshing native plugins compatible for Editor in 0.58 ms, found 2 plugins.
Preloading 0 native plugins for Editor in 0.00 ms.
Unloading 1966 Unused Serialized files (Serialized files now loaded: 0)
System memory in use before: 83.8 MB.
System memory in use after: 84.0 MB.

Unloading 49 unused Assets to reduce memory usage. Loaded Objects now: 2439.
Total: 4.727300 ms (FindLiveObjects: 0.167000 ms CreateObjectMapping: 0.063100 ms MarkObjects: 4.449200 ms  DeleteObjects: 0.047100 ms)

AssetImportParameters requested are different than current active one (requested -> active):
  custom:framework-win-MediaFoundation: 216162199b28c13a410421893ffa2e32 -> 
  custom:video-decoder-ogg-theora: a1e56fd34408186e4bbccfd4996cb3dc -> 
  custom:container-muxer-webm: aa71ff27fc2769a1b78a27578f13a17b -> 
  custom:container-demuxer-webm: 4f35f7cbe854078d1ac9338744f61a02 -> 
  custom:container-demuxer-ogg: 62fdf1f143b41e24485cea50d1cbac27 -> 
  custom:video-encoder-webm-vp8: eb34c28f22e8b96e1ab97ce403110664 -> 
  custom:video-decoder-webm-vp8: 9c59270c3fd7afecdb556c50c9e8de78 -> 
  custom:audio-decoder-ogg-vorbis: bf7c407c2cedff20999df2af8eb42d56 -> 
  custom:audio-encoder-webm-vorbis: bf7c407c2cedff20999df2af8eb42d56 -> 
========================================================================
Received Prepare
Registering precompiled user dll's ...
Registered in 0.003636 seconds.
Begin MonoManager ReloadAssembly
Native extension for WindowsStandalone target not found
Refreshing native plugins compatible for Editor in 0.60 ms, found 2 plugins.
Preloading 0 native plugins for Editor in 0.00 ms.
Mono: successfully reloaded assembly
- Completed reload, in  0.852 seconds
Domain Reload Profiling:
	ReloadAssembly (852ms)
		BeginReloadAssembly (92ms)
			ExecutionOrderSort (0ms)
			DisableScriptedObjects (5ms)
			BackupInstance (0ms)
			ReleaseScriptingObjects (0ms)
			CreateAndSetChildDomain (30ms)
		EndReloadAssembly (709ms)
			LoadAssemblies (77ms)
			RebuildTransferFunctionScriptingTraits (0ms)
			SetupTypeCache (232ms)
			ReleaseScriptCaches (1ms)
			RebuildScriptCaches (33ms)
			SetupLoadedEditorAssemblies (281ms)
				LogAssemblyErrors (0ms)
				InitializePlatformSupportModulesInManaged (4ms)
				SetLoadedEditorAssemblies (0ms)
				RefreshPlugins (1ms)
				BeforeProcessingInitializeOnLoad (73ms)
				ProcessInitializeOnLoadAttributes (169ms)
				ProcessInitializeOnLoadMethodAttributes (28ms)
				AfterProcessingInitializeOnLoad (5ms)
				EditorAssembliesLoaded (0ms)
			ExecutionOrderSort2 (0ms)
			AwakeInstancesAfterBackupRestoration (6ms)
Platform modules already initialized, skipping
Refreshing native plugins compatible for Editor in 0.61 ms, found 2 plugins.
Preloading 0 native plugins for Editor in 0.00 ms.
Unloading 1966 Unused Serialized files (Serialized files now loaded: 0)
System memory in use before: 83.9 MB.
System memory in use after: 84.0 MB.

Unloading 49 unused Assets to reduce memory usage. Loaded Objects now: 2442.
Total: 5.308700 ms (FindLiveObjects: 0.165500 ms CreateObjectMapping: 0.074000 ms MarkObjects: 5.013500 ms  DeleteObjects: 0.054600 ms)

AssetImportParameters requested are different than current active one (requested -> active):
  custom:framework-win-MediaFoundation: 216162199b28c13a410421893ffa2e32 -> 
  custom:video-decoder-ogg-theora: a1e56fd34408186e4bbccfd4996cb3dc -> 
  custom:container-muxer-webm: aa71ff27fc2769a1b78a27578f13a17b -> 
  custom:container-demuxer-webm: 4f35f7cbe854078d1ac9338744f61a02 -> 
  custom:container-demuxer-ogg: 62fdf1f143b41e24485cea50d1cbac27 -> 
  custom:video-encoder-webm-vp8: eb34c28f22e8b96e1ab97ce403110664 -> 
  custom:video-decoder-webm-vp8: 9c59270c3fd7afecdb556c50c9e8de78 -> 
  custom:audio-decoder-ogg-vorbis: bf7c407c2cedff20999df2af8eb42d56 -> 
  custom:audio-encoder-webm-vorbis: bf7c407c2cedff20999df2af8eb42d56 -> 
